<?xml version="1.0" encoding="UTF-8"?>
<!-- Generated by org.testng.reporters.JUnitReportReporter -->
<testsuite skipped="0" hostname="Zeus-PC" name="automationFrameWork.Module_TC" tests="1" failures="0" timestamp="05 Jul 2018 18:03:33 GMT" time="29.935" errors="0">
  <testcase name="EndToEnd" time="29.935" classname="automationFrameWork.Module_TC"/>
</testsuite> <!-- automationFrameWork.Module_TC -->
