<?xml version="1.0" encoding="UTF-8"?>
<!-- Generated by org.testng.reporters.JUnitReportReporter -->
<testsuite skipped="0" hostname="Zeus-PC" name="automationFrameWork.Module_TC" tests="1" failures="0" timestamp="31 Jul 2018 05:04:29 GMT" time="19.499" errors="0">
  <testcase name="EndToEnd" time="19.499" classname="automationFrameWork.Module_TC"/>
</testsuite> <!-- automationFrameWork.Module_TC -->
